<?xml version="1.0" encoding="UTF-8"?>
<!-- Generated by org.testng.reporters.JUnitXMLReporter -->
<testsuite ignored="16" hostname="LAPTOP-9D6FS8JE" failures="0" tests="5" name="Test" time="159.596" errors="0" timestamp="2024-07-24T20:48:34 IST">
  <testcase classname="Contacts.CreateContactWithOrganizationTest" name="CreateContactWithOrganization" time="27.382"/>
  <testcase classname="Products.CreateProductsTest" name="CreateProducts" time="15.843"/>
  <testcase classname="Campaigns.CreateCampaignsShobhaTest" name="CreateCampaignsShobha" time="11.207"/>
  <testcase classname="Organization.CreateOrganizationTest" name="CreateOrganization" time="11.821"/>
  <testcase classname="Campaigns.CreateCampaignsWithProductsTest" name="CreateCampaignsWithProducts" time="27.827"/>
  <testcase classname="Generic_Utilities.BaseClass" name="@BeforeSuite BeforeSuite" time="0.0">
    <ignored/>
  </testcase> <!-- @BeforeSuite BeforeSuite -->
  <testcase classname="Generic_Utilities.BaseClass" name="@BeforeSuite BeforeSuite" time="0.0">
    <ignored/>
  </testcase> <!-- @BeforeSuite BeforeSuite -->
  <testcase classname="Generic_Utilities.BaseClass" name="@BeforeSuite BeforeSuite" time="0.0">
    <ignored/>
  </testcase> <!-- @BeforeSuite BeforeSuite -->
  <testcase classname="Generic_Utilities.BaseClass" name="@BeforeSuite BeforeSuite" time="0.0">
    <ignored/>
  </testcase> <!-- @BeforeSuite BeforeSuite -->
  <testcase classname="Generic_Utilities.BaseClass" name="@BeforeSuite AfterSuite" time="0.0">
    <ignored/>
  </testcase> <!-- @BeforeSuite AfterSuite -->
  <testcase classname="Generic_Utilities.BaseClass" name="@BeforeSuite AfterSuite" time="0.0">
    <ignored/>
  </testcase> <!-- @BeforeSuite AfterSuite -->
  <testcase classname="Generic_Utilities.BaseClass" name="@BeforeSuite AfterSuite" time="0.0">
    <ignored/>
  </testcase> <!-- @BeforeSuite AfterSuite -->
  <testcase classname="Generic_Utilities.BaseClass" name="@BeforeSuite AfterSuite" time="0.0">
    <ignored/>
  </testcase> <!-- @BeforeSuite AfterSuite -->
  <testcase classname="Generic_Utilities.BaseClass" name="@BeforeTest BeforeTest" time="0.0">
    <ignored/>
  </testcase> <!-- @BeforeTest BeforeTest -->
  <testcase classname="Generic_Utilities.BaseClass" name="@BeforeTest BeforeTest" time="0.0">
    <ignored/>
  </testcase> <!-- @BeforeTest BeforeTest -->
  <testcase classname="Generic_Utilities.BaseClass" name="@BeforeTest BeforeTest" time="0.0">
    <ignored/>
  </testcase> <!-- @BeforeTest BeforeTest -->
  <testcase classname="Generic_Utilities.BaseClass" name="@BeforeTest BeforeTest" time="0.0">
    <ignored/>
  </testcase> <!-- @BeforeTest BeforeTest -->
  <testcase classname="Generic_Utilities.BaseClass" name="@AfterTest AfterTest" time="0.0">
    <ignored/>
  </testcase> <!-- @AfterTest AfterTest -->
  <testcase classname="Generic_Utilities.BaseClass" name="@AfterTest AfterTest" time="0.0">
    <ignored/>
  </testcase> <!-- @AfterTest AfterTest -->
  <testcase classname="Generic_Utilities.BaseClass" name="@AfterTest AfterTest" time="0.0">
    <ignored/>
  </testcase> <!-- @AfterTest AfterTest -->
  <testcase classname="Generic_Utilities.BaseClass" name="@AfterTest AfterTest" time="0.0">
    <ignored/>
  </testcase> <!-- @AfterTest AfterTest -->
</testsuite> <!-- Test -->
